mode: set
github.com/harisfi/alterra-agmc/day4/submission/configs/database.go:16.15,29.14 9 1
github.com/harisfi/alterra-agmc/day4/submission/configs/database.go:35.2,35.15 1 1
github.com/harisfi/alterra-agmc/day4/submission/configs/database.go:29.14,30.38 1 1
github.com/harisfi/alterra-agmc/day4/submission/configs/database.go:31.8,33.3 1 1
github.com/harisfi/alterra-agmc/day4/submission/configs/database.go:38.20,40.2 1 1
github.com/harisfi/alterra-agmc/day4/submission/middlewares/error-handler.go:11.52,13.9 2 0
github.com/harisfi/alterra-agmc/day4/submission/middlewares/error-handler.go:17.2,17.62 1 0
github.com/harisfi/alterra-agmc/day4/submission/middlewares/error-handler.go:35.2,36.29 2 0
github.com/harisfi/alterra-agmc/day4/submission/middlewares/error-handler.go:13.9,15.3 1 0
github.com/harisfi/alterra-agmc/day4/submission/middlewares/error-handler.go:17.62,18.36 1 0
github.com/harisfi/alterra-agmc/day4/submission/middlewares/error-handler.go:18.36,19.21 1 0
github.com/harisfi/alterra-agmc/day4/submission/middlewares/error-handler.go:31.4,31.9 1 0
github.com/harisfi/alterra-agmc/day4/submission/middlewares/error-handler.go:20.20,22.18 1 0
github.com/harisfi/alterra-agmc/day4/submission/middlewares/error-handler.go:23.17,25.18 1 0
github.com/harisfi/alterra-agmc/day4/submission/middlewares/error-handler.go:26.15,28.31 1 0
github.com/harisfi/alterra-agmc/day4/submission/middlewares/log.go:8.34,12.2 1 0
github.com/harisfi/alterra-agmc/day4/submission/middlewares/validator.go:9.58,11.2 1 0
github.com/harisfi/alterra-agmc/day4/submission/libs/database/user.go:9.41,12.50 2 0
github.com/harisfi/alterra-agmc/day4/submission/libs/database/user.go:16.2,16.19 1 0
github.com/harisfi/alterra-agmc/day4/submission/libs/database/user.go:12.50,14.3 1 0
github.com/harisfi/alterra-agmc/day4/submission/libs/database/user.go:19.48,23.50 3 0
github.com/harisfi/alterra-agmc/day4/submission/libs/database/user.go:27.2,27.18 1 0
github.com/harisfi/alterra-agmc/day4/submission/libs/database/user.go:23.50,25.3 1 0
github.com/harisfi/alterra-agmc/day4/submission/libs/database/user.go:30.56,31.49 1 0
github.com/harisfi/alterra-agmc/day4/submission/libs/database/user.go:35.2,35.18 1 0
github.com/harisfi/alterra-agmc/day4/submission/libs/database/user.go:31.49,33.3 1 0
github.com/harisfi/alterra-agmc/day4/submission/libs/database/user.go:38.69,40.14 2 0
github.com/harisfi/alterra-agmc/day4/submission/libs/database/user.go:44.2,45.52 2 0
github.com/harisfi/alterra-agmc/day4/submission/libs/database/user.go:49.2,49.24 1 0
github.com/harisfi/alterra-agmc/day4/submission/libs/database/user.go:40.14,42.3 1 0
github.com/harisfi/alterra-agmc/day4/submission/libs/database/user.go:45.52,47.3 1 0
github.com/harisfi/alterra-agmc/day4/submission/libs/database/user.go:52.36,54.14 2 0
github.com/harisfi/alterra-agmc/day4/submission/libs/database/user.go:58.2,58.64 1 0
github.com/harisfi/alterra-agmc/day4/submission/libs/database/user.go:62.2,62.12 1 0
github.com/harisfi/alterra-agmc/day4/submission/libs/database/user.go:54.14,56.3 1 0
github.com/harisfi/alterra-agmc/day4/submission/libs/database/user.go:58.64,60.3 1 0
github.com/harisfi/alterra-agmc/day4/submission/libs/database/user.go:65.56,66.112 1 0
github.com/harisfi/alterra-agmc/day4/submission/libs/database/user.go:70.2,71.14 2 0
github.com/harisfi/alterra-agmc/day4/submission/libs/database/user.go:75.2,75.19 1 0
github.com/harisfi/alterra-agmc/day4/submission/libs/database/user.go:66.112,68.3 1 0
github.com/harisfi/alterra-agmc/day4/submission/libs/database/user.go:71.14,73.3 1 0
github.com/harisfi/alterra-agmc/day4/submission/controllers/auth.go:13.34,18.14 4 0
github.com/harisfi/alterra-agmc/day4/submission/controllers/auth.go:22.2,25.4 1 0
github.com/harisfi/alterra-agmc/day4/submission/controllers/auth.go:18.14,20.3 1 0
github.com/harisfi/alterra-agmc/day4/submission/controllers/user.go:14.40,16.14 2 0
github.com/harisfi/alterra-agmc/day4/submission/controllers/user.go:20.2,23.4 1 0
github.com/harisfi/alterra-agmc/day4/submission/controllers/user.go:16.14,18.3 1 0
github.com/harisfi/alterra-agmc/day4/submission/controllers/user.go:26.40,28.14 2 0
github.com/harisfi/alterra-agmc/day4/submission/controllers/user.go:32.2,33.14 2 0
github.com/harisfi/alterra-agmc/day4/submission/controllers/user.go:37.2,40.4 1 0
github.com/harisfi/alterra-agmc/day4/submission/controllers/user.go:28.14,30.3 1 0
github.com/harisfi/alterra-agmc/day4/submission/controllers/user.go:33.14,35.3 1 0
github.com/harisfi/alterra-agmc/day4/submission/controllers/user.go:43.39,46.37 3 0
github.com/harisfi/alterra-agmc/day4/submission/controllers/user.go:50.2,52.14 2 0
github.com/harisfi/alterra-agmc/day4/submission/controllers/user.go:56.2,59.4 1 0
github.com/harisfi/alterra-agmc/day4/submission/controllers/user.go:46.37,48.3 1 0
github.com/harisfi/alterra-agmc/day4/submission/controllers/user.go:52.14,54.3 1 0
github.com/harisfi/alterra-agmc/day4/submission/controllers/user.go:62.43,67.14 4 0
github.com/harisfi/alterra-agmc/day4/submission/controllers/user.go:71.2,71.35 1 0
github.com/harisfi/alterra-agmc/day4/submission/controllers/user.go:75.2,77.14 2 0
github.com/harisfi/alterra-agmc/day4/submission/controllers/user.go:81.2,84.4 1 0
github.com/harisfi/alterra-agmc/day4/submission/controllers/user.go:67.14,69.3 1 0
github.com/harisfi/alterra-agmc/day4/submission/controllers/user.go:71.35,73.3 1 0
github.com/harisfi/alterra-agmc/day4/submission/controllers/user.go:77.14,79.3 1 0
github.com/harisfi/alterra-agmc/day4/submission/controllers/user.go:87.43,89.14 2 0
github.com/harisfi/alterra-agmc/day4/submission/controllers/user.go:93.2,93.35 1 0
github.com/harisfi/alterra-agmc/day4/submission/controllers/user.go:97.2,97.54 1 0
github.com/harisfi/alterra-agmc/day4/submission/controllers/user.go:101.2,103.4 1 0
github.com/harisfi/alterra-agmc/day4/submission/controllers/user.go:89.14,91.3 1 0
github.com/harisfi/alterra-agmc/day4/submission/controllers/user.go:93.35,95.3 1 0
github.com/harisfi/alterra-agmc/day4/submission/controllers/user.go:97.54,99.3 1 0
github.com/harisfi/alterra-agmc/day4/submission/main.go:12.13,14.16 2 0
github.com/harisfi/alterra-agmc/day4/submission/main.go:18.2,20.34 3 0
github.com/harisfi/alterra-agmc/day4/submission/main.go:14.16,16.3 1 0
github.com/harisfi/alterra-agmc/day4/submission/middlewares/jwt.go:11.46,19.2 6 0
github.com/harisfi/alterra-agmc/day4/submission/middlewares/jwt.go:21.45,23.16 2 0
github.com/harisfi/alterra-agmc/day4/submission/middlewares/jwt.go:28.2,28.10 1 0
github.com/harisfi/alterra-agmc/day4/submission/middlewares/jwt.go:23.16,27.3 3 0
github.com/harisfi/alterra-agmc/day4/submission/controllers/book.go:12.40,34.2 2 0
github.com/harisfi/alterra-agmc/day4/submission/controllers/book.go:36.40,50.2 3 0
github.com/harisfi/alterra-agmc/day4/submission/controllers/book.go:52.39,61.2 4 0
github.com/harisfi/alterra-agmc/day4/submission/controllers/book.go:63.43,73.2 5 0
github.com/harisfi/alterra-agmc/day4/submission/controllers/book.go:75.43,83.2 4 0
github.com/harisfi/alterra-agmc/day4/submission/routes/routes.go:14.23,44.2 22 0
github.com/harisfi/alterra-agmc/day4/submission/middlewares/jwt.go:11.46,19.2 6 1
github.com/harisfi/alterra-agmc/day4/submission/middlewares/jwt.go:21.45,23.16 2 1
github.com/harisfi/alterra-agmc/day4/submission/middlewares/jwt.go:28.2,28.10 1 0
github.com/harisfi/alterra-agmc/day4/submission/middlewares/jwt.go:23.16,27.3 3 1
github.com/harisfi/alterra-agmc/day4/submission/controllers/book.go:12.40,34.2 2 1
github.com/harisfi/alterra-agmc/day4/submission/controllers/book.go:36.40,50.2 3 1
github.com/harisfi/alterra-agmc/day4/submission/controllers/book.go:52.39,61.2 4 1
github.com/harisfi/alterra-agmc/day4/submission/controllers/book.go:63.43,73.2 5 1
github.com/harisfi/alterra-agmc/day4/submission/controllers/book.go:75.43,83.2 4 1
github.com/harisfi/alterra-agmc/day4/submission/main.go:12.13,14.16 2 0
github.com/harisfi/alterra-agmc/day4/submission/main.go:18.2,20.34 3 0
github.com/harisfi/alterra-agmc/day4/submission/main.go:14.16,16.3 1 0
github.com/harisfi/alterra-agmc/day4/submission/controllers/user.go:14.40,16.14 2 1
github.com/harisfi/alterra-agmc/day4/submission/controllers/user.go:20.2,23.4 1 1
github.com/harisfi/alterra-agmc/day4/submission/controllers/user.go:16.14,18.3 1 0
github.com/harisfi/alterra-agmc/day4/submission/controllers/user.go:26.40,28.14 2 1
github.com/harisfi/alterra-agmc/day4/submission/controllers/user.go:32.2,33.14 2 1
github.com/harisfi/alterra-agmc/day4/submission/controllers/user.go:37.2,40.4 1 1
github.com/harisfi/alterra-agmc/day4/submission/controllers/user.go:28.14,30.3 1 1
github.com/harisfi/alterra-agmc/day4/submission/controllers/user.go:33.14,35.3 1 1
github.com/harisfi/alterra-agmc/day4/submission/controllers/user.go:43.39,46.37 3 1
github.com/harisfi/alterra-agmc/day4/submission/controllers/user.go:50.2,52.14 2 1
github.com/harisfi/alterra-agmc/day4/submission/controllers/user.go:56.2,59.4 1 1
github.com/harisfi/alterra-agmc/day4/submission/controllers/user.go:46.37,48.3 1 1
github.com/harisfi/alterra-agmc/day4/submission/controllers/user.go:52.14,54.3 1 0
github.com/harisfi/alterra-agmc/day4/submission/controllers/user.go:62.43,67.14 4 1
github.com/harisfi/alterra-agmc/day4/submission/controllers/user.go:71.2,71.35 1 1
github.com/harisfi/alterra-agmc/day4/submission/controllers/user.go:75.2,77.14 2 1
github.com/harisfi/alterra-agmc/day4/submission/controllers/user.go:81.2,84.4 1 1
github.com/harisfi/alterra-agmc/day4/submission/controllers/user.go:67.14,69.3 1 1
github.com/harisfi/alterra-agmc/day4/submission/controllers/user.go:71.35,73.3 1 1
github.com/harisfi/alterra-agmc/day4/submission/controllers/user.go:77.14,79.3 1 0
github.com/harisfi/alterra-agmc/day4/submission/controllers/user.go:87.43,89.14 2 1
github.com/harisfi/alterra-agmc/day4/submission/controllers/user.go:93.2,93.35 1 1
github.com/harisfi/alterra-agmc/day4/submission/controllers/user.go:97.2,97.54 1 1
github.com/harisfi/alterra-agmc/day4/submission/controllers/user.go:101.2,103.4 1 1
github.com/harisfi/alterra-agmc/day4/submission/controllers/user.go:89.14,91.3 1 1
github.com/harisfi/alterra-agmc/day4/submission/controllers/user.go:93.35,95.3 1 1
github.com/harisfi/alterra-agmc/day4/submission/controllers/user.go:97.54,99.3 1 0
github.com/harisfi/alterra-agmc/day4/submission/middlewares/validator.go:9.58,11.2 1 1
github.com/harisfi/alterra-agmc/day4/submission/routes/routes.go:14.23,44.2 22 0
github.com/harisfi/alterra-agmc/day4/submission/middlewares/log.go:8.34,12.2 1 0
github.com/harisfi/alterra-agmc/day4/submission/libs/database/user.go:9.41,12.50 2 1
github.com/harisfi/alterra-agmc/day4/submission/libs/database/user.go:16.2,16.19 1 1
github.com/harisfi/alterra-agmc/day4/submission/libs/database/user.go:12.50,14.3 1 0
github.com/harisfi/alterra-agmc/day4/submission/libs/database/user.go:19.48,23.50 3 1
github.com/harisfi/alterra-agmc/day4/submission/libs/database/user.go:27.2,27.18 1 1
github.com/harisfi/alterra-agmc/day4/submission/libs/database/user.go:23.50,25.3 1 1
github.com/harisfi/alterra-agmc/day4/submission/libs/database/user.go:30.56,31.49 1 1
github.com/harisfi/alterra-agmc/day4/submission/libs/database/user.go:35.2,35.18 1 1
github.com/harisfi/alterra-agmc/day4/submission/libs/database/user.go:31.49,33.3 1 0
github.com/harisfi/alterra-agmc/day4/submission/libs/database/user.go:38.69,40.14 2 1
github.com/harisfi/alterra-agmc/day4/submission/libs/database/user.go:44.2,45.52 2 1
github.com/harisfi/alterra-agmc/day4/submission/libs/database/user.go:49.2,49.24 1 1
github.com/harisfi/alterra-agmc/day4/submission/libs/database/user.go:40.14,42.3 1 0
github.com/harisfi/alterra-agmc/day4/submission/libs/database/user.go:45.52,47.3 1 0
github.com/harisfi/alterra-agmc/day4/submission/libs/database/user.go:52.36,54.14 2 1
github.com/harisfi/alterra-agmc/day4/submission/libs/database/user.go:58.2,58.64 1 1
github.com/harisfi/alterra-agmc/day4/submission/libs/database/user.go:62.2,62.12 1 1
github.com/harisfi/alterra-agmc/day4/submission/libs/database/user.go:54.14,56.3 1 0
github.com/harisfi/alterra-agmc/day4/submission/libs/database/user.go:58.64,60.3 1 0
github.com/harisfi/alterra-agmc/day4/submission/libs/database/user.go:65.56,66.112 1 1
github.com/harisfi/alterra-agmc/day4/submission/libs/database/user.go:70.2,71.14 2 1
github.com/harisfi/alterra-agmc/day4/submission/libs/database/user.go:75.2,75.19 1 1
github.com/harisfi/alterra-agmc/day4/submission/libs/database/user.go:66.112,68.3 1 1
github.com/harisfi/alterra-agmc/day4/submission/libs/database/user.go:71.14,73.3 1 0
github.com/harisfi/alterra-agmc/day4/submission/configs/database.go:16.15,29.14 9 1
github.com/harisfi/alterra-agmc/day4/submission/configs/database.go:35.2,35.15 1 1
github.com/harisfi/alterra-agmc/day4/submission/configs/database.go:29.14,30.38 1 0
github.com/harisfi/alterra-agmc/day4/submission/configs/database.go:31.8,33.3 1 1
github.com/harisfi/alterra-agmc/day4/submission/configs/database.go:38.20,40.2 1 1
github.com/harisfi/alterra-agmc/day4/submission/middlewares/error-handler.go:11.52,13.9 2 1
github.com/harisfi/alterra-agmc/day4/submission/middlewares/error-handler.go:17.2,17.62 1 1
github.com/harisfi/alterra-agmc/day4/submission/middlewares/error-handler.go:35.2,36.29 2 1
github.com/harisfi/alterra-agmc/day4/submission/middlewares/error-handler.go:13.9,15.3 1 1
github.com/harisfi/alterra-agmc/day4/submission/middlewares/error-handler.go:17.62,18.36 1 1
github.com/harisfi/alterra-agmc/day4/submission/middlewares/error-handler.go:18.36,19.21 1 1
github.com/harisfi/alterra-agmc/day4/submission/middlewares/error-handler.go:31.4,31.9 1 1
github.com/harisfi/alterra-agmc/day4/submission/middlewares/error-handler.go:20.20,22.18 1 1
github.com/harisfi/alterra-agmc/day4/submission/middlewares/error-handler.go:23.17,25.18 1 1
github.com/harisfi/alterra-agmc/day4/submission/middlewares/error-handler.go:26.15,28.31 1 1
github.com/harisfi/alterra-agmc/day4/submission/controllers/auth.go:13.34,18.14 4 1
github.com/harisfi/alterra-agmc/day4/submission/controllers/auth.go:22.2,25.4 1 1
github.com/harisfi/alterra-agmc/day4/submission/controllers/auth.go:18.14,20.3 1 1
